<?xml version="1.0" encoding="UTF-8"?>
<!-- Generated by org.testng.reporters.JUnitXMLReporter -->
<testsuite hostname="DESKTOP-7L8S4UU" ignored="0" name="Command line test" tests="4" failures="0" timestamp="2022-04-29T17:07:45 AEST" time="0.091" errors="0">
  <testcase name="left" time="0.003" classname="com.homes.tabletoprobot.TabletopRobotApplicationTest"/>
  <testcase name="move" time="0.0" classname="com.homes.tabletoprobot.TabletopRobotApplicationTest"/>
  <testcase name="right" time="0.0" classname="com.homes.tabletoprobot.TabletopRobotApplicationTest"/>
  <testcase name="testPlaceDroid" time="0.0" classname="com.homes.tabletoprobot.TabletopRobotApplicationTest"/>
</testsuite> <!-- Command line test -->
