<?xml version="1.0" encoding="UTF-8"?>
<testng-results skipped="0" failed="0" ignored="0" total="4" passed="4">
  <reporter-output>
  </reporter-output>
  <suite name="com.homes.tabletoprobot.TabletopRobotApplicationTest" duration-ms="91" started-at="2022-04-29T17:07:45 AEST" finished-at="2022-04-29T17:07:45 AEST">
    <groups>
    </groups>
    <test name="Command line test" duration-ms="91" started-at="2022-04-29T17:07:45 AEST" finished-at="2022-04-29T17:07:45 AEST">
      <class name="com.homes.tabletoprobot.TabletopRobotApplicationTest">
        <test-method status="PASS" signature="init()[pri:0, instance:com.homes.tabletoprobot.TabletopRobotApplicationTest@1a968a59]" name="init" is-config="true" duration-ms="47" started-at="2022-04-29T17:07:45 AEST" finished-at="2022-04-29T17:07:45 AEST">
          <reporter-output>
          </reporter-output>
        </test-method> <!-- init -->
        <test-method status="PASS" signature="left()[pri:0, instance:com.homes.tabletoprobot.TabletopRobotApplicationTest@1a968a59]" name="left" duration-ms="3" started-at="2022-04-29T17:07:45 AEST" finished-at="2022-04-29T17:07:45 AEST">
          <reporter-output>
          </reporter-output>
        </test-method> <!-- left -->
        <test-method status="PASS" signature="right()[pri:0, instance:com.homes.tabletoprobot.TabletopRobotApplicationTest@1a968a59]" name="right" duration-ms="0" started-at="2022-04-29T17:07:45 AEST" finished-at="2022-04-29T17:07:45 AEST">
          <reporter-output>
          </reporter-output>
        </test-method> <!-- right -->
        <test-method status="PASS" signature="init()[pri:0, instance:com.homes.tabletoprobot.TabletopRobotApplicationTest@1a968a59]" name="init" is-config="true" duration-ms="0" started-at="2022-04-29T17:07:45 AEST" finished-at="2022-04-29T17:07:45 AEST">
          <reporter-output>
          </reporter-output>
        </test-method> <!-- init -->
        <test-method status="PASS" signature="testPlaceDroid()[pri:0, instance:com.homes.tabletoprobot.TabletopRobotApplicationTest@1a968a59]" name="testPlaceDroid" duration-ms="0" started-at="2022-04-29T17:07:45 AEST" finished-at="2022-04-29T17:07:45 AEST">
          <reporter-output>
          </reporter-output>
        </test-method> <!-- testPlaceDroid -->
        <test-method status="PASS" signature="move()[pri:0, instance:com.homes.tabletoprobot.TabletopRobotApplicationTest@1a968a59]" name="move" duration-ms="0" started-at="2022-04-29T17:07:45 AEST" finished-at="2022-04-29T17:07:45 AEST">
          <reporter-output>
          </reporter-output>
        </test-method> <!-- move -->
        <test-method status="PASS" signature="init()[pri:0, instance:com.homes.tabletoprobot.TabletopRobotApplicationTest@1a968a59]" name="init" is-config="true" duration-ms="0" started-at="2022-04-29T17:07:45 AEST" finished-at="2022-04-29T17:07:45 AEST">
          <reporter-output>
          </reporter-output>
        </test-method> <!-- init -->
        <test-method status="PASS" signature="init()[pri:0, instance:com.homes.tabletoprobot.TabletopRobotApplicationTest@1a968a59]" name="init" is-config="true" duration-ms="0" started-at="2022-04-29T17:07:45 AEST" finished-at="2022-04-29T17:07:45 AEST">
          <reporter-output>
          </reporter-output>
        </test-method> <!-- init -->
      </class> <!-- com.homes.tabletoprobot.TabletopRobotApplicationTest -->
    </test> <!-- Command line test -->
  </suite> <!-- com.homes.tabletoprobot.TabletopRobotApplicationTest -->
</testng-results>
